[[34mdebug[39m] [2026-01-19 09:25:38.945] [AuthService] login() : {"id":"hiten","password":"$2b$10$7291efYKCWjz7zhKrXV5IelK1y1/NZ8yVRUGVACJ/qgJNpPyQmZgi"}
[[34mdebug[39m] [2026-01-19 09:29:57.869] [StateController] findAll:Input : Find state with searchCriteria: {}
[[34mdebug[39m] [2026-01-19 09:29:57.872] [StateService] findAll:Input : Find State with searchCriteria : {}
[[34mdebug[39m] [2026-01-19 09:35:40.907] [StateController] findAll:Input : Find state with searchCriteria: {}
[[34mdebug[39m] [2026-01-19 09:35:40.910] [StateService] findAll:Input : Find State with searchCriteria : {}
[[34mdebug[39m] [2026-01-19 09:38:50.220] [StateController] findAll:Input : Find state with searchCriteria: {}
[[34mdebug[39m] [2026-01-19 09:38:50.222] [StateService] findAll:Input : Find State with searchCriteria : {}
[[34mdebug[39m] [2026-01-19 09:43:24.562] [StateController] create:Input : {"stateId":"GJ","countryId":"IN","name":"Gujarat"}
[[34mdebug[39m] [2026-01-19 09:43:24.566] [StateService] create:Input : Create state dto: {"stateId":"GJ","countryId":"IN","name":"Gujarat","createdBy":"hiten"}
[[34mdebug[39m] [2026-01-19 09:43:24.565] [StateController] create: Calling create service
[[34mdebug[39m] [2026-01-19 09:46:33.334] [StateController] findAll:Input : Find state with searchCriteria: {}
[[34mdebug[39m] [2026-01-19 09:46:33.336] [StateService] findAll:Input : Find State with searchCriteria : {}
[[34mdebug[39m] [2026-01-19 09:47:56.870] [StateController] create:Input : {"id":null,"stateId":"BR","name":"Bihar","countryId":"IN","districts":null,"createdBy":null,"updatedBy":null,"deletedBy":null,"auditDateTime":null}
[[34mdebug[39m] [2026-01-19 09:47:56.875] [StateService] create:Input : Create state dto: {"id":null,"stateId":"BR","name":"Bihar","countryId":"IN","districts":null,"createdBy":"hiten","updatedBy":null,"deletedBy":null,"auditDateTime":null}
[[34mdebug[39m] [2026-01-19 09:47:56.873] [StateController] create: Calling create service
[[34mdebug[39m] [2026-01-19 09:48:23.774] [StateController] update:Input : Id: BR:IN and updateStateDto : {"id":"BR:IN","stateId":"BR","name":"Bihar1","countryId":"IN","districts":null,"createdBy":"hiten","updatedBy":null,"deletedBy":null,"auditDateTime":null}
[[34mdebug[39m] [2026-01-19 09:48:23.782] [StateService] update:Input : Id: BR:IN and update object : {"id":"BR:IN","stateId":"BR","name":"Bihar1","countryId":"IN","districts":null,"createdBy":"hiten","updatedBy":"hiten","deletedBy":null,"auditDateTime":null}
[[34mdebug[39m] [2026-01-19 09:48:23.779] [StateController] update: Calling update service
[[34mdebug[39m] [2026-01-19 09:48:24.092] [StateService] update : Merged State is : {"id":"BR:IN","stateId":"BR","name":"Bihar1","countryId":"IN","createdBy":"hiten","updatedBy":"hiten","deletedBy":null}
[[34mdebug[39m] [2026-01-19 09:48:36.295] [StateController] remove:Input : State id : BR:IN to be deleted
[[34mdebug[39m] [2026-01-19 09:48:36.302] [StateService] delete:Input : State id : BR:IN to be deleted
[[34mdebug[39m] [2026-01-19 09:48:36.298] [StateController] remove: Calling delete service
[[34mdebug[39m] [2026-01-19 09:49:45.913] [StateController] remove:Input : State id : GJ:IN to be deleted
[[34mdebug[39m] [2026-01-19 09:49:45.917] [StateService] delete:Input : State id : GJ:IN to be deleted
[[34mdebug[39m] [2026-01-19 09:49:45.915] [StateController] remove: Calling delete service
[[34mdebug[39m] [2026-01-19 09:50:33.289] [StateController] findAll:Input : Find state with searchCriteria: {}
[[34mdebug[39m] [2026-01-19 09:50:33.292] [StateService] findAll:Input : Find State with searchCriteria : {}
[[34mdebug[39m] [2026-01-19 09:50:47.149] [StateController] create:Input : {"id":null,"stateId":"GJ","name":"Gujarat","countryId":"IN","districts":null,"createdBy":null,"updatedBy":null,"deletedBy":null,"auditDateTime":null}
[[34mdebug[39m] [2026-01-19 09:50:47.161] [StateService] create:Input : Create state dto: {"id":null,"stateId":"GJ","name":"Gujarat","countryId":"IN","districts":null,"createdBy":"hiten","updatedBy":null,"deletedBy":null,"auditDateTime":null}
[[34mdebug[39m] [2026-01-19 09:50:47.160] [StateController] create: Calling create service
[[34mdebug[39m] [2026-01-19 10:03:02.347] [StateController] findAll:Input : Find state with searchCriteria: {}
[[34mdebug[39m] [2026-01-19 10:03:02.349] [StateService] findAll:Input : Find State with searchCriteria : {}
[[34mdebug[39m] [2026-01-19 10:03:05.292] [DistrictService] findAll:Input : Find District with searchCriteria : {"stateId":"GJ:IN"}
[[34mdebug[39m] [2026-01-19 10:07:41.378] [DistrictService] create:Input : CreateDistrictDto: {"name":"mehsana","stateId":"GJ","createdBy":"hiten"}
[[34mdebug[39m] [2026-01-19 10:07:56.721] [DistrictService] create:Input : CreateDistrictDto: {"name":"mehsana","stateId":"GJ:IN","createdBy":"hiten"}
[[34mdebug[39m] [2026-01-19 10:08:00.947] [StateController] findAll:Input : Find state with searchCriteria: {}
[[34mdebug[39m] [2026-01-19 10:08:00.950] [StateService] findAll:Input : Find State with searchCriteria : {}
[[34mdebug[39m] [2026-01-19 10:08:04.286] [DistrictService] findAll:Input : Find District with searchCriteria : {"stateId":"GJ:IN"}
[[34mdebug[39m] [2026-01-19 10:08:12.784] [DistrictService] create:Input : CreateDistrictDto: {"name":"Ahmedabad","stateId":"GJ:IN","createdBy":"hiten"}
[[34mdebug[39m] [2026-01-19 10:08:15.981] [DistrictService] delete:Input : District id : Ahmedabad:GJ:IN to be deleted
[[34mdebug[39m] [2026-01-19 10:08:18.311] [DistrictService] delete:Input : District id : mehsana:GJ:IN to be deleted
[[34mdebug[39m] [2026-01-19 10:08:40.080] [DistrictService] findAll:Input : Find District with searchCriteria : {"stateId":"GJ:IN"}
[[34mdebug[39m] [2026-01-19 10:08:48.245] [DistrictService] create:Input : CreateDistrictDto: {"name":"Ahmedabad","stateId":"GJ:IN","createdBy":"hiten"}
[[34mdebug[39m] [2026-01-19 10:22:18.071] [DistrictService] findAll:Input : Find District with searchCriteria : {"stateId":""}
[[34mdebug[39m] [2026-01-19 10:22:25.424] [DistrictService] findAll:Input : Find District with searchCriteria : {"stateId":""}
[[34mdebug[39m] [2026-01-19 10:24:18.390] [DistrictService] findAll:Input : Find District with searchCriteria : {"stateId":""}
[[34mdebug[39m] [2026-01-19 10:28:19.597] [DistrictService] findAll:Input : Find District with searchCriteria : {}
[[34mdebug[39m] [2026-01-19 10:32:12.629] [DistrictService] findAll:Input : Find District with searchCriteria : {}
[[34mdebug[39m] [2026-01-19 10:33:09.862] [DistrictService] findAll:Input : Find District with searchCriteria : {}
[[34mdebug[39m] [2026-01-19 10:34:56.242] [DistrictService] findAll:Input : Find District with searchCriteria : {}
[[34mdebug[39m] [2026-01-19 10:38:38.207] [DistrictService] findAll:Input : Find District with searchCriteria : {}
[[34mdebug[39m] [2026-01-19 10:41:58.293] [DistrictService] findAll:Input : Find District with searchCriteria : {}
[[34mdebug[39m] [2026-01-19 11:25:12.401] [DistrictService] findAll:Input : Find District with searchCriteria : {}
[[34mdebug[39m] [2026-01-19 11:28:13.343] [DistrictService] findAll:Input : Find District with searchCriteria : {}
[[34mdebug[39m] [2026-01-19 11:30:32.802] [DistrictService] findAll:Input : Find District with searchCriteria : {}
[[34mdebug[39m] [2026-01-19 11:59:41.091] [DistrictService] findAll:Input : Find District with searchCriteria : {}
[[34mdebug[39m] [2026-01-19 14:21:49.526] [StateController] findAll:Input : Find state with searchCriteria: {}
[[34mdebug[39m] [2026-01-19 14:21:49.529] [StateService] findAll:Input : Find State with searchCriteria : {}
[[34mdebug[39m] [2026-01-19 14:47:11.825] [DistrictService] findAll:Input : Find District with searchCriteria : {}
[[34mdebug[39m] [2026-01-19 15:16:57.675] [StateController] findAll:Input : Find state with searchCriteria: {}
[[34mdebug[39m] [2026-01-19 15:16:57.685] [StateService] findAll:Input : Find State with searchCriteria : {}
[[34mdebug[39m] [2026-01-19 15:17:01.270] [DistrictService] findAll:Input : Find District with searchCriteria : {"stateId":"GJ:IN"}
[[34mdebug[39m] [2026-01-19 17:12:01.284] [StateController] findAll:Input : Find state with searchCriteria: {}
[[34mdebug[39m] [2026-01-19 17:12:01.293] [StateService] findAll:Input : Find State with searchCriteria : {}
